<?xml version="1.0" encoding="UTF-8"?>
<!-- Generated by org.testng.reporters.JUnitXMLReporter -->
<testsuite ignored="0" hostname="DESKTOP-TIC5DM4" failures="1" tests="7" name="WishListTest" time="185.614" errors="0" timestamp="2024-08-07T10:39:40 IST">
  <testcase classname="com.qa.testcases.whishlist" name="testaddtoWishlist" time="12.337"/>
  <testcase classname="com.qa.testcases.whishlist" name="testaddtoWishlistwithlogin" time="18.288"/>
  <testcase classname="com.qa.testcases.whishlist" name="viewWishlistwithlogin" time="8.997"/>
  <testcase classname="com.qa.testcases.whishlist" name="removeWishlistwithlogin" time="17.096"/>
  <testcase classname="com.qa.testcases.whishlist" name="addduplicateWishlistwithlogin" time="22.303"/>
  <testcase classname="com.qa.testcases.whishlist" name="addmultipleWishlistwithlogin" time="31.848"/>
  <testcase classname="com.qa.testcases.whishlist" name="addWishlisttocartwithlogin" time="22.582">
    <failure type="java.lang.AssertionError" message="expected [1 Item] but found [1 Item ]">
      <![CDATA[java.lang.AssertionError: expected [1 Item] but found [1 Item ]
at com.qa.testcases.whishlist.addWishlisttocartwithlogin(whishlist.java:345)
at java.base/java.util.ArrayList.forEach(ArrayList.java:1511)
... Removed 33 stack frames]]>
    </failure>
  </testcase> <!-- addWishlisttocartwithlogin -->
</testsuite> <!-- WishListTest -->
