<?xml version="1.0" encoding="UTF-8"?>
<testng-results ignored="0" total="6" passed="5" failed="1" skipped="0">
  <reporter-output>
  </reporter-output>
  <suite started-at="2024-08-08T09:09:08 IST" name="RegistrationSuite" finished-at="2024-08-08T09:10:27 IST" duration-ms="79313">
    <groups>
    </groups>
    <test started-at="2024-08-08T09:09:08 IST" name="RegistrationTests" finished-at="2024-08-08T09:10:27 IST" duration-ms="79313">
      <class name="com.qa.testcases.SignUpTests">
        <test-method is-config="true" signature="setUp()[pri:0, instance:com.qa.testcases.SignUpTests@647fd8ce]" started-at="2024-08-08T09:09:08 IST" name="setUp" finished-at="2024-08-08T09:09:16 IST" duration-ms="7921" status="PASS">
          <reporter-output>
          </reporter-output>
        </test-method> <!-- setUp -->
        <test-method signature="testUserRegistration()[pri:1, instance:com.qa.testcases.SignUpTests@647fd8ce]" started-at="2024-08-08T09:09:16 IST" name="testUserRegistration" finished-at="2024-08-08T09:09:20 IST" duration-ms="4286" status="PASS">
          <reporter-output>
          </reporter-output>
        </test-method> <!-- testUserRegistration -->
        <test-method is-config="true" signature="tearDown()[pri:0, instance:com.qa.testcases.SignUpTests@647fd8ce]" started-at="2024-08-08T09:09:20 IST" name="tearDown" finished-at="2024-08-08T09:09:21 IST" duration-ms="752" status="PASS">
          <reporter-output>
          </reporter-output>
        </test-method> <!-- tearDown -->
        <test-method is-config="true" signature="setUp()[pri:0, instance:com.qa.testcases.SignUpTests@647fd8ce]" started-at="2024-08-08T09:09:21 IST" name="setUp" finished-at="2024-08-08T09:09:27 IST" duration-ms="5787" status="PASS">
          <reporter-output>
          </reporter-output>
        </test-method> <!-- setUp -->
        <test-method signature="TC_SignUp_02_UnsuccessfulSignUpWithEmptyMandatoryFields()[pri:2, instance:com.qa.testcases.SignUpTests@647fd8ce]" started-at="2024-08-08T09:09:27 IST" name="TC_SignUp_02_UnsuccessfulSignUpWithEmptyMandatoryFields" finished-at="2024-08-08T09:09:29 IST" duration-ms="1743" status="PASS">
          <reporter-output>
          </reporter-output>
        </test-method> <!-- TC_SignUp_02_UnsuccessfulSignUpWithEmptyMandatoryFields -->
        <test-method is-config="true" signature="tearDown()[pri:0, instance:com.qa.testcases.SignUpTests@647fd8ce]" started-at="2024-08-08T09:09:29 IST" name="tearDown" finished-at="2024-08-08T09:09:29 IST" duration-ms="578" status="PASS">
          <reporter-output>
          </reporter-output>
        </test-method> <!-- tearDown -->
        <test-method is-config="true" signature="setUp()[pri:0, instance:com.qa.testcases.SignUpTests@647fd8ce]" started-at="2024-08-08T09:09:29 IST" name="setUp" finished-at="2024-08-08T09:09:35 IST" duration-ms="6327" status="PASS">
          <reporter-output>
          </reporter-output>
        </test-method> <!-- setUp -->
        <test-method signature="TC_SignUp_03_UnsuccessfulSignUpWithInvalidEmailFormat()[pri:3, instance:com.qa.testcases.SignUpTests@647fd8ce]" started-at="2024-08-08T09:09:35 IST" name="TC_SignUp_03_UnsuccessfulSignUpWithInvalidEmailFormat" finished-at="2024-08-08T09:09:38 IST" duration-ms="2124" status="PASS">
          <reporter-output>
          </reporter-output>
        </test-method> <!-- TC_SignUp_03_UnsuccessfulSignUpWithInvalidEmailFormat -->
        <test-method is-config="true" signature="tearDown()[pri:0, instance:com.qa.testcases.SignUpTests@647fd8ce]" started-at="2024-08-08T09:09:38 IST" name="tearDown" finished-at="2024-08-08T09:09:38 IST" duration-ms="564" status="PASS">
          <reporter-output>
          </reporter-output>
        </test-method> <!-- tearDown -->
        <test-method is-config="true" signature="setUp()[pri:0, instance:com.qa.testcases.SignUpTests@647fd8ce]" started-at="2024-08-08T09:09:38 IST" name="setUp" finished-at="2024-08-08T09:09:44 IST" duration-ms="6355" status="PASS">
          <reporter-output>
          </reporter-output>
        </test-method> <!-- setUp -->
        <test-method signature="TC_SignUp_04_UnsuccessfulSignUpWithWeakPassword()[pri:4, instance:com.qa.testcases.SignUpTests@647fd8ce]" started-at="2024-08-08T09:09:44 IST" name="TC_SignUp_04_UnsuccessfulSignUpWithWeakPassword" finished-at="2024-08-08T09:09:47 IST" duration-ms="2066" status="PASS">
          <reporter-output>
          </reporter-output>
        </test-method> <!-- TC_SignUp_04_UnsuccessfulSignUpWithWeakPassword -->
        <test-method is-config="true" signature="tearDown()[pri:0, instance:com.qa.testcases.SignUpTests@647fd8ce]" started-at="2024-08-08T09:09:47 IST" name="tearDown" finished-at="2024-08-08T09:09:47 IST" duration-ms="605" status="PASS">
          <reporter-output>
          </reporter-output>
        </test-method> <!-- tearDown -->
        <test-method is-config="true" signature="setUp()[pri:0, instance:com.qa.testcases.SignUpTests@647fd8ce]" started-at="2024-08-08T09:09:47 IST" name="setUp" finished-at="2024-08-08T09:09:53 IST" duration-ms="6019" status="PASS">
          <reporter-output>
          </reporter-output>
        </test-method> <!-- setUp -->
        <test-method signature="TC_SignUp_05_UnsuccessfulSignUpWithMismatchedPassword()[pri:5, instance:com.qa.testcases.SignUpTests@647fd8ce]" started-at="2024-08-08T09:09:53 IST" name="TC_SignUp_05_UnsuccessfulSignUpWithMismatchedPassword" finished-at="2024-08-08T09:09:55 IST" duration-ms="2262" status="PASS">
          <reporter-output>
          </reporter-output>
        </test-method> <!-- TC_SignUp_05_UnsuccessfulSignUpWithMismatchedPassword -->
        <test-method is-config="true" signature="tearDown()[pri:0, instance:com.qa.testcases.SignUpTests@647fd8ce]" started-at="2024-08-08T09:09:55 IST" name="tearDown" finished-at="2024-08-08T09:09:56 IST" duration-ms="556" status="PASS">
          <reporter-output>
          </reporter-output>
        </test-method> <!-- tearDown -->
        <test-method is-config="true" signature="setUp()[pri:0, instance:com.qa.testcases.SignUpTests@647fd8ce]" started-at="2024-08-08T09:09:56 IST" name="setUp" finished-at="2024-08-08T09:10:02 IST" duration-ms="5932" status="PASS">
          <reporter-output>
          </reporter-output>
        </test-method> <!-- setUp -->
        <test-method signature="TC_SignUp_06_SuccessfulRegistration()[pri:6, instance:com.qa.testcases.SignUpTests@647fd8ce]" started-at="2024-08-08T09:10:02 IST" name="TC_SignUp_06_SuccessfulRegistration" finished-at="2024-08-08T09:10:27 IST" duration-ms="24615" status="FAIL">
          <exception class="org.openqa.selenium.TimeoutException">
            <message>
              <![CDATA[Expected condition failed: waiting for presence of element located by: By.className: message-success (tried for 20 second(s) with 500 milliseconds interval)]]>
            </message>
            <full-stacktrace>
              <![CDATA[org.openqa.selenium.TimeoutException: Expected condition failed: waiting for presence of element located by: By.className: message-success (tried for 20 second(s) with 500 milliseconds interval)
at org.openqa.selenium.support.ui.WebDriverWait.timeoutException(WebDriverWait.java:84)
at org.openqa.selenium.support.ui.FluentWait.until(FluentWait.java:228)
at com.qa.testcases.SignUpTests.TC_SignUp_06_SuccessfulRegistration(SignUpTests.java:96)
at java.base/jdk.internal.reflect.NativeMethodAccessorImpl.invoke0(Native Method)
at java.base/jdk.internal.reflect.NativeMethodAccessorImpl.invoke(NativeMethodAccessorImpl.java:77)
at java.base/jdk.internal.reflect.DelegatingMethodAccessorImpl.invoke(DelegatingMethodAccessorImpl.java:43)
at java.base/java.lang.reflect.Method.invoke(Method.java:568)
at org.testng.internal.MethodInvocationHelper.invokeMethod(MethodInvocationHelper.java:133)
at org.testng.internal.TestInvoker.invokeMethod(TestInvoker.java:598)
at org.testng.internal.TestInvoker.invokeTestMethod(TestInvoker.java:173)
at org.testng.internal.MethodRunner.runInSequence(MethodRunner.java:46)
at org.testng.internal.TestInvoker$MethodInvocationAgent.invoke(TestInvoker.java:824)
at org.testng.internal.TestInvoker.invokeTestMethods(TestInvoker.java:146)
at org.testng.internal.TestMethodWorker.invokeTestMethods(TestMethodWorker.java:146)
at org.testng.internal.TestMethodWorker.run(TestMethodWorker.java:128)
at java.base/java.util.ArrayList.forEach(ArrayList.java:1511)
at org.testng.TestRunner.privateRun(TestRunner.java:794)
at org.testng.TestRunner.run(TestRunner.java:596)
at org.testng.SuiteRunner.runTest(SuiteRunner.java:377)
at org.testng.SuiteRunner.runSequentially(SuiteRunner.java:371)
at org.testng.SuiteRunner.privateRun(SuiteRunner.java:332)
at org.testng.SuiteRunner.run(SuiteRunner.java:276)
at org.testng.SuiteRunnerWorker.runSuite(SuiteRunnerWorker.java:53)
at org.testng.SuiteRunnerWorker.run(SuiteRunnerWorker.java:96)
at org.testng.TestNG.runSuitesSequentially(TestNG.java:1212)
at org.testng.TestNG.runSuitesLocally(TestNG.java:1134)
at org.testng.TestNG.runSuites(TestNG.java:1063)
at org.testng.TestNG.run(TestNG.java:1031)
at org.apache.maven.surefire.testng.TestNGExecutor.run(TestNGExecutor.java:283)
at org.apache.maven.surefire.testng.TestNGXmlTestSuite.execute(TestNGXmlTestSuite.java:75)
at org.apache.maven.surefire.testng.TestNGProvider.invoke(TestNGProvider.java:120)
at org.apache.maven.surefire.booter.ForkedBooter.runSuitesInProcess(ForkedBooter.java:377)
at org.apache.maven.surefire.booter.ForkedBooter.execute(ForkedBooter.java:138)
at org.apache.maven.surefire.booter.ForkedBooter.run(ForkedBooter.java:465)
at org.apache.maven.surefire.booter.ForkedBooter.main(ForkedBooter.java:451)
Caused by: org.openqa.selenium.NoSuchElementException: no such element: Unable to locate element: {"method":"css selector","selector":".message\-success"}
  (Session info: chrome=127.0.6533.90)
For documentation on this error, please visit: https://www.selenium.dev/documentation/webdriver/troubleshooting/errors#no-such-element-exception
Build info: version: '4.23.0', revision: '4df0a231af'
System info: os.name: 'Windows 10', os.arch: 'amd64', os.version: '10.0', java.version: '17.0.11'
Driver info: org.openqa.selenium.chrome.ChromeDriver
Command: [25554ced94475e008b49c928189c13c3, findElement {value=message-success, using=class name}]
Capabilities {acceptInsecureCerts: false, browserName: chrome, browserVersion: 127.0.6533.90, chrome: {chromedriverVersion: 127.0.6533.72 (9755e24ca85a..., userDataDir: C:\Windows\SystemTemp\scope...}, fedcm:accounts: true, goog:chromeOptions: {debuggerAddress: localhost:61166}, networkConnectionEnabled: false, pageLoadStrategy: normal, platformName: windows, proxy: Proxy(), se:cdp: ws://localhost:61166/devtoo..., se:cdpVersion: 127.0.6533.90, setWindowRect: true, strictFileInteractability: false, timeouts: {implicit: 0, pageLoad: 300000, script: 30000}, unhandledPromptBehavior: dismiss and notify, webauthn:extension:credBlob: true, webauthn:extension:largeBlob: true, webauthn:extension:minPinLength: true, webauthn:extension:prf: true, webauthn:virtualAuthenticators: true}
Session ID: 25554ced94475e008b49c928189c13c3
at jdk.internal.reflect.GeneratedConstructorAccessor10.newInstance(Unknown Source)
at java.base/jdk.internal.reflect.DelegatingConstructorAccessorImpl.newInstance(DelegatingConstructorAccessorImpl.java:45)
at java.base/java.lang.reflect.Constructor.newInstanceWithCaller(Constructor.java:499)
at java.base/java.lang.reflect.Constructor.newInstance(Constructor.java:480)
at org.openqa.selenium.remote.ErrorCodec.decode(ErrorCodec.java:167)
at org.openqa.selenium.remote.codec.w3c.W3CHttpResponseCodec.decode(W3CHttpResponseCodec.java:138)
at org.openqa.selenium.remote.codec.w3c.W3CHttpResponseCodec.decode(W3CHttpResponseCodec.java:50)
at org.openqa.selenium.remote.HttpCommandExecutor.execute(HttpCommandExecutor.java:190)
at org.openqa.selenium.remote.service.DriverCommandExecutor.invokeExecute(DriverCommandExecutor.java:216)
at org.openqa.selenium.remote.service.DriverCommandExecutor.execute(DriverCommandExecutor.java:174)
at org.openqa.selenium.remote.RemoteWebDriver.execute(RemoteWebDriver.java:527)
at org.openqa.selenium.remote.ElementLocation$ElementFinder$2.findElement(ElementLocation.java:165)
at org.openqa.selenium.remote.ElementLocation.findElement(ElementLocation.java:59)
at org.openqa.selenium.remote.RemoteWebDriver.findElement(RemoteWebDriver.java:357)
at org.openqa.selenium.remote.RemoteWebDriver.findElement(RemoteWebDriver.java:351)
at org.openqa.selenium.support.ui.ExpectedConditions$6.apply(ExpectedConditions.java:171)
at org.openqa.selenium.support.ui.ExpectedConditions$6.apply(ExpectedConditions.java:168)
at org.openqa.selenium.support.ui.FluentWait.until(FluentWait.java:203)
... 33 more
]]>
            </full-stacktrace>
          </exception> <!-- org.openqa.selenium.TimeoutException -->
          <reporter-output>
          </reporter-output>
        </test-method> <!-- TC_SignUp_06_SuccessfulRegistration -->
        <test-method is-config="true" signature="tearDown()[pri:0, instance:com.qa.testcases.SignUpTests@647fd8ce]" started-at="2024-08-08T09:10:27 IST" name="tearDown" finished-at="2024-08-08T09:10:27 IST" duration-ms="660" status="PASS">
          <reporter-output>
          </reporter-output>
        </test-method> <!-- tearDown -->
      </class> <!-- com.qa.testcases.SignUpTests -->
    </test> <!-- RegistrationTests -->
  </suite> <!-- RegistrationSuite -->
</testng-results>
